<?xml version="1.0" encoding="UTF-8"?>
<!-- Generated by org.testng.reporters.JUnitReportReporter -->
<testsuite hostname="DESKTOP-6JOMMLI" failures="0" tests="3" name="com.ecommerce.dawnTheme.VerifyCartNotification" time="20.193" errors="0" timestamp="2024-05-23T15:57:03 IST" skipped="0">
  <testcase classname="com.ecommerce.dawnTheme.VerifyCartNotification" name="buyProdcut" time="9.944"/>
  <system-out/>
  <testcase classname="com.ecommerce.dawnTheme.VerifyCartNotification" name="addToCart" time="7.969"/>
  <system-out/>
  <testcase classname="com.ecommerce.dawnTheme.VerifyCartNotification" name="cartPage" time="2.280"/>
  <system-out/>
</testsuite> <!-- com.ecommerce.dawnTheme.VerifyCartNotification -->
