<?xml version="1.0" encoding="UTF-8"?>
<!-- Generated by org.testng.reporters.JUnitReportReporter -->
<testsuite hostname="DESKTOP-6JOMMLI" failures="0" tests="1" name="testScripts.Script4" time="54.840" errors="0" timestamp="2024-05-23T16:00:58 IST" skipped="0">
  <testcase classname="testScripts.Script4" name="testApp" time="54.840"/>
  <system-out/>
</testsuite> <!-- testScripts.Script4 -->
