<?xml version="1.0" encoding="UTF-8"?>
<!-- Generated by org.testng.reporters.JUnitReportReporter -->
<testsuite hostname="DESKTOP-6JOMMLI" failures="0" tests="3" name="com.ecommerce.dawnTheme.verifyPDP" time="12.360" errors="0" timestamp="2024-05-19T18:23:07 IST" skipped="0">
  <testcase classname="com.ecommerce.dawnTheme.verifyPDP" name="naviagteToPDP" time="10.242"/>
  <system-out/>
  <testcase classname="com.ecommerce.dawnTheme.verifyPDP" name="productTitle" time="1.059"/>
  <system-out/>
  <testcase classname="com.ecommerce.dawnTheme.verifyPDP" name="productPrice" time="1.059"/>
  <system-out/>
</testsuite> <!-- com.ecommerce.dawnTheme.verifyPDP -->
