<?xml version="1.0" encoding="UTF-8"?>
<!-- Generated by org.testng.reporters.JUnitReportReporter -->
<testsuite hostname="DESKTOP-6JOMMLI" failures="0" tests="2" name="com.ecommerce.dawnTheme.addToCart" time="10.447" errors="0" timestamp="2024-05-19T19:21:59 IST" skipped="0">
  <testcase classname="com.ecommerce.dawnTheme.addToCart" name="buyProdcut" time="9.278"/>
  <system-out/>
  <testcase classname="com.ecommerce.dawnTheme.addToCart" name="addToCart" time="1.169"/>
  <system-out/>
</testsuite> <!-- com.ecommerce.dawnTheme.addToCart -->
