<?xml version="1.0" encoding="UTF-8"?>
<!-- Generated by org.testng.reporters.JUnitReportReporter -->
<testsuite hostname="DESKTOP-6JOMMLI" failures="0" tests="1" name="testScripts.Script41" time="55.600" errors="0" timestamp="2024-05-30T15:14:24 IST" skipped="0">
  <testcase classname="testScripts.Script41" name="testApp" time="55.600"/>
  <system-out/>
</testsuite> <!-- testScripts.Script41 -->
