<?xml version="1.0" encoding="UTF-8"?>
<!-- Generated by org.testng.reporters.JUnitReportReporter -->
<testsuite hostname="DESKTOP-6JOMMLI" failures="0" tests="3" name="com.ecommerce.dawnTheme.VerifyAddedProductInTheCart" time="25.635" errors="0" timestamp="2024-06-02T20:47:26 IST" skipped="0">
  <testcase classname="com.ecommerce.dawnTheme.VerifyAddedProductInTheCart" name="NavigateToPDP" time="15.047"/>
  <system-out/>
  <testcase classname="com.ecommerce.dawnTheme.VerifyAddedProductInTheCart" name="addToCart" time="9.037"/>
  <system-out/>
  <testcase classname="com.ecommerce.dawnTheme.VerifyAddedProductInTheCart" name="verifyProduct" time="1.551"/>
  <system-out/>
</testsuite> <!-- com.ecommerce.dawnTheme.VerifyAddedProductInTheCart -->
