<?xml version="1.0" encoding="UTF-8"?>
<!-- Generated by org.testng.reporters.JUnitReportReporter -->
<testsuite hostname="DESKTOP-6JOMMLI" failures="0" tests="35" name="com.ecommerce.dawnTheme.homepageTest" time="113.378" errors="0" timestamp="2024-06-16T19:44:50 IST" skipped="0">
  <testcase classname="com.ecommerce.dawnTheme.homepageTest" name="homepageSuccess" time="3.740"/>
  <system-out/>
  <testcase classname="com.ecommerce.dawnTheme.homepageTest" name="homepageError" time="2.510"/>
  <system-out/>
  <testcase classname="com.ecommerce.dawnTheme.homepageTest" name="announcementBar" time="2.300"/>
  <system-out/>
  <testcase classname="com.ecommerce.dawnTheme.homepageTest" name="dawnLogo" time="2.118"/>
  <system-out/>
  <testcase classname="com.ecommerce.dawnTheme.homepageTest" name="bagsDropdown" time="1.810"/>
  <system-out/>
  <testcase classname="com.ecommerce.dawnTheme.homepageTest" name="bagsDropdownSelect" time="11.577"/>
  <system-out/>
  <testcase classname="com.ecommerce.dawnTheme.homepageTest" name="shoesDropdown" time="3.155"/>
  <system-out/>
  <testcase classname="com.ecommerce.dawnTheme.homepageTest" name="shoesDropdownSelect" time="5.389"/>
  <system-out/>
  <testcase classname="com.ecommerce.dawnTheme.homepageTest" name="lookBook" time="2.380"/>
  <system-out/>
  <testcase classname="com.ecommerce.dawnTheme.homepageTest" name="searchIcon" time="3.031"/>
  <system-out/>
  <testcase classname="com.ecommerce.dawnTheme.homepageTest" name="profileIcon" time="3.141"/>
  <system-out/>
  <testcase classname="com.ecommerce.dawnTheme.homepageTest" name="cartIcon" time="3.036"/>
  <system-out/>
  <testcase classname="com.ecommerce.dawnTheme.homepageTest" name="shopNowButton" time="3.434"/>
  <system-out/>
  <testcase classname="com.ecommerce.dawnTheme.homepageTest" name="backInStock" time="2.789"/>
  <system-out/>
  <testcase classname="com.ecommerce.dawnTheme.homepageTest" name="bagsLinkFooter" time="2.986"/>
  <system-out/>
  <testcase classname="com.ecommerce.dawnTheme.homepageTest" name="bagsPage" time="3.125"/>
  <system-out/>
  <testcase classname="com.ecommerce.dawnTheme.homepageTest" name="shoesLinkFooter" time="2.345"/>
  <system-out/>
  <testcase classname="com.ecommerce.dawnTheme.homepageTest" name="shoesPage" time="3.184"/>
  <system-out/>
  <testcase classname="com.ecommerce.dawnTheme.homepageTest" name="lookBookLinkFooter" time="2.466"/>
  <system-out/>
  <testcase classname="com.ecommerce.dawnTheme.homepageTest" name="lookBookLinkPage" time="3.675"/>
  <system-out/>
  <testcase classname="com.ecommerce.dawnTheme.homepageTest" name="aboutLinkFooter" time="2.451"/>
  <system-out/>
  <testcase classname="com.ecommerce.dawnTheme.homepageTest" name="aboutPage" time="3.618"/>
  <system-out/>
  <testcase classname="com.ecommerce.dawnTheme.homepageTest" name="contactUsLinkFooter" time="2.414"/>
  <system-out/>
  <testcase classname="com.ecommerce.dawnTheme.homepageTest" name="contactUsPage" time="3.510"/>
  <system-out/>
  <testcase classname="com.ecommerce.dawnTheme.homepageTest" name="shippingPolicyLinkFooter" time="2.599"/>
  <system-out/>
  <testcase classname="com.ecommerce.dawnTheme.homepageTest" name="shippingPage" time="3.615"/>
  <system-out/>
  <testcase classname="com.ecommerce.dawnTheme.homepageTest" name="blogLinkFooter" time="2.554"/>
  <system-out/>
  <testcase classname="com.ecommerce.dawnTheme.homepageTest" name="newsPage" time="3.317"/>
  <system-out/>
  <testcase classname="com.ecommerce.dawnTheme.homepageTest" name="newsletter" time="4.435"/>
  <system-out/>
  <testcase classname="com.ecommerce.dawnTheme.homepageTest" name="country" time="4.016"/>
  <system-out/>
  <testcase classname="com.ecommerce.dawnTheme.homepageTest" name="facebookLink" time="2.440"/>
  <system-out/>
  <testcase classname="com.ecommerce.dawnTheme.homepageTest" name="instagramLink" time="2.415"/>
  <system-out/>
  <testcase classname="com.ecommerce.dawnTheme.homepageTest" name="youtubeLink" time="2.480"/>
  <system-out/>
  <testcase classname="com.ecommerce.dawnTheme.homepageTest" name="ticktokLink" time="2.870"/>
  <system-out/>
  <testcase classname="com.ecommerce.dawnTheme.homepageTest" name="twiterLink" time="2.453"/>
  <system-out/>
</testsuite> <!-- com.ecommerce.dawnTheme.homepageTest -->
