<?xml version="1.0" encoding="UTF-8"?>
<!-- Generated by org.testng.reporters.JUnitReportReporter -->
<testsuite hostname="DESKTOP-6JOMMLI" failures="0" tests="13" name="com.ecommerce.dawnTheme.verifyPDPPage" time="28.368" errors="0" timestamp="2024-06-16T19:52:27 IST" skipped="0">
  <testcase classname="com.ecommerce.dawnTheme.verifyPDPPage" name="naviagteToPDP" time="12.330"/>
  <system-out/>
  <testcase classname="com.ecommerce.dawnTheme.verifyPDPPage" name="productTitle" time="1.047"/>
  <system-out/>
  <testcase classname="com.ecommerce.dawnTheme.verifyPDPPage" name="productColor" time="1.048"/>
  <system-out/>
  <testcase classname="com.ecommerce.dawnTheme.verifyPDPPage" name="productPrice" time="1.042"/>
  <system-out/>
  <testcase classname="com.ecommerce.dawnTheme.verifyPDPPage" name="productSize" time="1.054"/>
  <system-out/>
  <testcase classname="com.ecommerce.dawnTheme.verifyPDPPage" name="productQuantity" time="1.044"/>
  <system-out/>
  <testcase classname="com.ecommerce.dawnTheme.verifyPDPPage" name="addToCartButton" time="1.041"/>
  <system-out/>
  <testcase classname="com.ecommerce.dawnTheme.verifyPDPPage" name="buyItNowButton" time="1.051"/>
  <system-out/>
  <testcase classname="com.ecommerce.dawnTheme.verifyPDPPage" name="materialsDropdown" time="3.111"/>
  <system-out/>
  <testcase classname="com.ecommerce.dawnTheme.verifyPDPPage" name="shippingAndReturnsDropdown" time="1.405"/>
  <system-out/>
  <testcase classname="com.ecommerce.dawnTheme.verifyPDPPage" name="careInstructionsDropdown" time="1.398"/>
  <system-out/>
  <testcase classname="com.ecommerce.dawnTheme.verifyPDPPage" name="shareButton" time="1.350"/>
  <system-out/>
  <testcase classname="com.ecommerce.dawnTheme.verifyPDPPage" name="youMayAlsoLike" time="1.447"/>
  <system-out/>
</testsuite> <!-- com.ecommerce.dawnTheme.verifyPDPPage -->
