<?xml version="1.0" encoding="UTF-8"?>
<!-- Generated by org.testng.reporters.JUnitReportReporter -->
<testsuite hostname="DESKTOP-6JOMMLI" failures="0" tests="6" name="com.ecommerce.dawnTheme.plpTest" time="48.820" errors="0" timestamp="2024-06-16T19:57:50 IST" skipped="0">
  <testcase classname="com.ecommerce.dawnTheme.plpTest" name="collectionHeading" time="6.244"/>
  <system-out>
    <![CDATA[]]>
  </system-out>
  <testcase classname="com.ecommerce.dawnTheme.plpTest" name="selectProduct" time="1.490"/>
  <system-out/>
  <testcase classname="com.ecommerce.dawnTheme.plpTest" name="availabilityDropdownFunctionality" time="18.010"/>
  <system-out/>
  <testcase classname="com.ecommerce.dawnTheme.plpTest" name="colorDropdownFunctionality" time="7.277"/>
  <system-out/>
  <testcase classname="com.ecommerce.dawnTheme.plpTest" name="sortbyFunctionality" time="4.705"/>
  <system-out/>
  <testcase classname="com.ecommerce.dawnTheme.plpTest" name="priceFIlterFunctionality" time="11.094"/>
  <system-out/>
</testsuite> <!-- com.ecommerce.dawnTheme.plpTest -->
