<?xml version="1.0" encoding="UTF-8"?>
<!-- Generated by org.testng.reporters.JUnitReportReporter -->
<testsuite hostname="DESKTOP-6JOMMLI" failures="0" tests="1" name="com.ecommerce.dawnTheme.checkout" time="10.136" errors="0" timestamp="2024-05-19T14:25:44 IST" skipped="0">
  <testcase classname="com.ecommerce.dawnTheme.checkout" name="buyProdcut" time="10.136"/>
  <system-out/>
</testsuite> <!-- com.ecommerce.dawnTheme.checkout -->
